<?xml version="1.0" encoding="UTF-8"?>
<!-- Generated by org.testng.reporters.JUnitReportReporter -->
<testsuite hostname="DESKTOP-IJKHCE6" failures="0" tests="1" name="com.testscripts.TestTitle" time="12.639" errors="0" timestamp="04 Jul 2023 05:35:26 GMT" skipped="0">
  <testcase classname="com.testscripts.TestTitle" name="testpurchaseTicket" time="12.639"/>
</testsuite> <!-- com.testscripts.TestTitle -->
