<?xml version="1.0" encoding="UTF-8"?>
<!-- Generated by org.testng.reporters.JUnitReportReporter -->
<testsuite hostname="DESKTOP-IJKHCE6" failures="0" tests="3" name="com.testscripts.TestTitle" time="27.176" errors="0" timestamp="03 Jul 2023 11:12:27 GMT" skipped="0">
  <testcase classname="com.testscripts.TestTitle" name="testNavigationandLink" time="5.679"/>
  <testcase classname="com.testscripts.TestTitle" name="testTitle" time="4.046"/>
  <testcase classname="com.testscripts.TestTitle" name="testpurchaseTicket" time="17.451"/>
</testsuite> <!-- com.testscripts.TestTitle -->
